recv from 1 - candidate:5
send to 6 - candidate:5
Started election - send candidate:4 to 6
recv from 1 - candidate:1
send to 6 - candidate:4
recv from 1 - candidate:12
send to 6 - candidate:12
recv from 1 - candidate:12
send to 6 - candidate:12
recv from 1 - candidate:12
send to 6 - candidate:12
recv from 1 - candidate:12
send to 6 - candidate:12
recv from 1 - candidate:12
send to 6 - candidate:12
recv from 1 - candidate:12
send to 6 - candidate:12
recv from 1 - elected:12
send to 6 - elected:12
Total messages:10
