[2024-07-01 23:04:29.932203] 12:candidate:21:1
[2024-07-01 23:04:29.945284] 7:candidate:21:-1
[2024-07-01 23:04:30.098306] 20:candidate:21:1
[2024-07-01 23:04:30.135398] 14:candidate:21:1
[2024-07-01 23:04:30.225845] 18:candidate:27:-1
[2024-07-01 23:04:30.253829] 23:candidate:27:-1
[2024-07-01 23:04:30.301349] 5:candidate:21:1
[2024-07-01 23:04:30.439441] 24:candidate:27:-1
[2024-07-01 23:04:30.477265] 4:candidate:21:1
[2024-07-01 23:04:30.666821] 29:candidate:29:1
[2024-07-01 23:04:30.742199] 16:candidate:27:-1
[2024-07-01 23:04:30.967160] started election - 21:candidate:21:1/21:candidate:21:-1- total messages:13
[2024-07-01 23:04:31.127307] 16:elected:29:1 - total messages: 14
[2024-07-01 23:04:31.245808] 29:elected:29:-1 - total messages: 15
[2024-07-01 23:04:31.494609] 12:elected:29:-1 - total messages: 16
[2024-07-01 23:04:31.631574] 4:elected:29:-1 - total messages: 17
[2024-07-01 23:04:31.758894] 23:elected:29:1 - total messages: 18
[2024-07-01 23:04:31.940127] 5:elected:29:-1 - total messages: 19
[2024-07-01 23:04:32.056003] 20:elected:29:-1 - total messages: 20
[2024-07-01 23:04:32.098096] 24:elected:29:1 - total messages: 21
[2024-07-01 23:04:32.160724] 6:candidate:21:1
[2024-07-01 23:04:32.270515] 14:elected:29:-1 - total messages: 23
[2024-07-01 23:04:32.309404] 18:elected:29:1 - total messages: 24
[2024-07-01 23:04:32.436215] 9:candidate:29:-1
[2024-07-01 23:04:32.672016] 1:candidate:29:-1
[2024-07-01 23:04:32.715050] 1:elected:29:-1 - total messages: 27
[2024-07-01 23:04:32.888641] 1:elected:29:1 - total messages: 28
[2024-07-01 23:04:33.068364] 7:elected:29:1 - total messages: 29
[2024-07-01 23:04:33.152335] 9:elected:29:1 - total messages: 30
[2024-07-01 23:04:33.445825] 6:elected:29:-1 - total messages: 31
[2024-07-01 23:04:33.564840] finished election: 29 - total messages:31
[2024-07-01 23:04:33.735620] finished election: 29 - total messages:31
