[2024-07-01 23:04:29.903128] 12:candidate:12:-1
[2024-07-01 23:04:29.925322] 4:candidate:6:1
[2024-07-01 23:04:30.161105] 5:candidate:12:-1
[2024-07-01 23:04:30.224961] 29:candidate:29:1
[2024-07-01 23:04:30.229134] 14:candidate:14:-1
[2024-07-01 23:04:30.314858] 16:candidate:29:1
[2024-07-01 23:04:30.387725] 20:candidate:20:-1
[2024-07-01 23:04:30.453877] 24:candidate:29:1
[2024-07-01 23:04:30.466277] 7:candidate:21:-1
[2024-07-01 23:04:30.529397] 23:candidate:29:1
[2024-07-01 23:04:30.870037] 18:candidate:27:-1
[2024-07-01 23:04:30.953061] 18:elected:29:-1 - total messages: 14
[2024-07-01 23:04:30.966533] started election - 6:candidate:6:1/6:candidate:6:-1- total messages:15
[2024-07-01 23:04:31.018610] 18:elected:29:1 - total messages: 15
[2024-07-01 23:04:31.290529] 1:candidate:6:1
[2024-07-01 23:04:31.395093] 24:elected:29:-1 - total messages: 17
[2024-07-01 23:04:31.431483] 23:elected:29:-1 - total messages: 18
[2024-07-01 23:04:31.490948] 9:candidate:9:1
[2024-07-01 23:04:31.592807] 16:elected:29:-1 - total messages: 20
[2024-07-01 23:04:31.794528] 7:elected:29:1 - total messages: 21
[2024-07-01 23:04:31.965769] 21:candidate:21:-1
[2024-07-01 23:04:32.082074] 29:elected:29:-1 - total messages: 23
[2024-07-01 23:04:32.161446] 14:elected:29:1 - total messages: 24
[2024-07-01 23:04:32.795051] 12:elected:29:1 - total messages: 25
[2024-07-01 23:04:32.840485] 20:elected:29:1 - total messages: 26
[2024-07-01 23:04:32.980511] 4:elected:29:-1 - total messages: 27
[2024-07-01 23:04:33.076519] 5:elected:29:1 - total messages: 28
[2024-07-01 23:04:33.387931] 9:elected:29:-1 - total messages: 29
[2024-07-01 23:04:33.460630] 1:elected:29:-1 - total messages: 30
[2024-07-01 23:04:33.524295] 21:elected:29:1 - total messages: 31
[2024-07-01 23:04:33.543151] finished election: 29 - total messages:31
[2024-07-01 23:04:33.633141] finished election: 29 - total messages:31
