[2024-07-01 23:04:29.908232] started election - 7:candidate:7:1/7:candidate:7:-1- total messages:2
[2024-07-01 23:04:29.978170] 12:candidate:21:1
[2024-07-01 23:04:30.151065] 20:candidate:21:1
[2024-07-01 23:04:30.218306] 18:candidate:27:-1
[2024-07-01 23:04:30.220030] 14:candidate:21:1
[2024-07-01 23:04:30.242957] 23:candidate:27:-1
[2024-07-01 23:04:30.363387] 5:candidate:21:1
[2024-07-01 23:04:30.424784] 24:candidate:27:-1
[2024-07-01 23:04:30.518331] 4:candidate:21:1
[2024-07-01 23:04:30.600441] 16:candidate:27:-1
[2024-07-01 23:04:30.771405] 29:candidate:29:1
[2024-07-01 23:04:31.018751] 21:candidate:21:1
[2024-07-01 23:04:31.130631] 29:elected:29:-1 - total messages: 14
[2024-07-01 23:04:31.213010] 16:elected:29:1 - total messages: 15
[2024-07-01 23:04:31.328384] 12:elected:29:-1 - total messages: 16
[2024-07-01 23:04:31.397309] 4:elected:29:-1 - total messages: 17
[2024-07-01 23:04:31.575471] 5:elected:29:-1 - total messages: 18
[2024-07-01 23:04:31.881811] 23:elected:29:1 - total messages: 19
[2024-07-01 23:04:31.952871] 20:elected:29:-1 - total messages: 20
[2024-07-01 23:04:32.019063] 14:elected:29:-1 - total messages: 21
[2024-07-01 23:04:32.113890] finished election: 29 - total messages:21
[2024-07-01 23:04:32.208711] 24:elected:29:1 - total messages: 22
[2024-07-01 23:04:32.289700] 6:candidate:21:1
[2024-07-01 23:04:32.292559] 9:candidate:29:-1
[2024-07-01 23:04:32.294903] 1:candidate:29:-1
[2024-07-01 23:04:32.451323] 18:elected:29:1 - total messages: 26
[2024-07-01 23:04:32.995821] 1:elected:29:1 - total messages: 27
[2024-07-01 23:04:33.152453] finished election: 29 - total messages:27
[2024-07-01 23:04:33.208822] 9:elected:29:1 - total messages: 28
[2024-07-01 23:04:33.380581] 6:elected:29:-1 - total messages: 29
[2024-07-01 23:04:33.531858] 21:elected:29:-1 - total messages: 30
