[2024-07-01 23:04:29.926306] 4:candidate:4:-1
[2024-07-01 23:04:30.039657] 12:candidate:12:-1
[2024-07-01 23:04:30.121340] 29:candidate:29:1
[2024-07-01 23:04:30.210997] 16:candidate:29:1
[2024-07-01 23:04:30.231032] 24:candidate:29:1
[2024-07-01 23:04:30.261416] 5:candidate:12:-1
[2024-07-01 23:04:30.366864] 23:candidate:29:1
[2024-07-01 23:04:30.377334] 14:candidate:14:-1
[2024-07-01 23:04:30.578740] 20:candidate:20:-1
[2024-07-01 23:04:30.707151] 7:candidate:21:-1
[2024-07-01 23:04:30.814429] 18:candidate:29:1
[2024-07-01 23:04:30.956497] started election - 1:candidate:1:1/1:candidate:1:-1- total messages:13
[2024-07-01 23:04:31.068371] 9:candidate:9:1
[2024-07-01 23:04:31.188720] 18:elected:29:-1 - total messages: 15
[2024-07-01 23:04:31.339417] 7:elected:29:1 - total messages: 16
[2024-07-01 23:04:31.347491] 6:candidate:6:-1
[2024-07-01 23:04:31.809279] 24:elected:29:-1 - total messages: 18
[2024-07-01 23:04:31.947491] 14:elected:29:1 - total messages: 19
[2024-07-01 23:04:32.070692] 23:elected:29:-1 - total messages: 20
[2024-07-01 23:04:32.150941] 16:elected:29:-1 - total messages: 21
[2024-07-01 23:04:32.297693] 12:elected:29:1 - total messages: 22
[2024-07-01 23:04:32.345706] 21:candidate:21:-1
[2024-07-01 23:04:32.412342] 20:elected:29:1 - total messages: 24
[2024-07-01 23:04:32.463684] 29:elected:29:-1 - total messages: 25
[2024-07-01 23:04:32.925329] 5:elected:29:1 - total messages: 26
[2024-07-01 23:04:33.077064] 4:elected:29:1 - total messages: 27
[2024-07-01 23:04:33.267340] 21:elected:29:1 - total messages: 28
[2024-07-01 23:04:33.446810] 6:elected:29:1 - total messages: 29
[2024-07-01 23:04:33.450415] finished election: 29 - total messages:29
[2024-07-01 23:04:33.585129] 9:elected:29:-1 - total messages: 30
[2024-07-01 23:04:33.609355] finished election: 29 - total messages:30
