[2024-07-01 23:04:29.951272] started election - 18:candidate:18:1/18:candidate:18:-1- total messages:2
[2024-07-01 23:04:30.096658] 23:candidate:23:-1
[2024-07-01 23:04:30.155056] 7:candidate:27:1
[2024-07-01 23:04:30.252433] 24:candidate:24:-1
[2024-07-01 23:04:30.342133] 12:candidate:27:1
[2024-07-01 23:04:30.396476] 20:candidate:27:1
[2024-07-01 23:04:30.465815] 14:candidate:27:1
[2024-07-01 23:04:30.539753] 16:candidate:24:-1
[2024-07-01 23:04:30.596973] 5:candidate:27:1
[2024-07-01 23:04:30.746022] 29:candidate:29:-1
[2024-07-01 23:04:30.875129] 4:candidate:27:1
[2024-07-01 23:04:31.017722] 4:elected:29:1 - total messages: 13
[2024-07-01 23:04:31.080580] 29:elected:29:1 - total messages: 14
[2024-07-01 23:04:31.175809] 12:elected:29:-1 - total messages: 15
[2024-07-01 23:04:31.263236] 4:elected:29:-1 - total messages: 16
[2024-07-01 23:04:31.311371] 21:candidate:27:1
[2024-07-01 23:04:31.351940] 16:elected:29:1 - total messages: 18
[2024-07-01 23:04:31.436577] 5:elected:29:-1 - total messages: 19
[2024-07-01 23:04:31.510680] 20:elected:29:-1 - total messages: 20
[2024-07-01 23:04:31.912965] 14:elected:29:-1 - total messages: 21
[2024-07-01 23:04:31.996636] 7:elected:29:-1 - total messages: 22
[2024-07-01 23:04:32.092908] 23:elected:29:1 - total messages: 23
[2024-07-01 23:04:32.151285] 9:candidate:29:-1
[2024-07-01 23:04:32.202174] 1:candidate:29:-1
[2024-07-01 23:04:32.317650] 24:elected:29:1 - total messages: 26
[2024-07-01 23:04:32.388714] 6:candidate:27:1
[2024-07-01 23:04:32.870042] finished election: 29 - total messages:27
[2024-07-01 23:04:32.983862] finished election: 29 - total messages:27
[2024-07-01 23:04:33.091322] 1:elected:29:1 - total messages: 28
[2024-07-01 23:04:33.194870] 6:elected:29:-1 - total messages: 29
[2024-07-01 23:04:33.376044] 9:elected:29:1 - total messages: 30
[2024-07-01 23:04:33.484972] 21:elected:29:-1 - total messages: 31
