[2024-07-01 23:04:29.928927] 4:candidate:9:-1
[2024-07-01 23:04:30.052122] 12:candidate:12:-1
[2024-07-01 23:04:30.118946] 29:candidate:29:1
[2024-07-01 23:04:30.161394] 16:candidate:29:1
[2024-07-01 23:04:30.215217] 24:candidate:29:1
[2024-07-01 23:04:30.262568] 5:candidate:12:-1
[2024-07-01 23:04:30.360911] 23:candidate:29:1
[2024-07-01 23:04:30.383891] 14:candidate:14:-1
[2024-07-01 23:04:30.582937] 20:candidate:20:-1
[2024-07-01 23:04:30.745465] 18:candidate:29:1
[2024-07-01 23:04:30.811402] 7:candidate:21:-1
[2024-07-01 23:04:30.994786] started election - 9:candidate:9:1/9:candidate:9:-1- total messages:14
[2024-07-01 23:04:31.019709] 1:candidate:9:-1
[2024-07-01 23:04:31.147757] 7:elected:29:1 - total messages: 15
[2024-07-01 23:04:31.335458] 18:elected:29:-1 - total messages: 16
[2024-07-01 23:04:31.435414] 6:candidate:9:-1
[2024-07-01 23:04:31.546756] 14:elected:29:1 - total messages: 18
[2024-07-01 23:04:31.903099] 24:elected:29:-1 - total messages: 19
[2024-07-01 23:04:32.058164] 12:elected:29:1 - total messages: 20
[2024-07-01 23:04:32.145216] 20:elected:29:1 - total messages: 21
[2024-07-01 23:04:32.281818] 23:elected:29:-1 - total messages: 22
[2024-07-01 23:04:32.346708] 16:elected:29:-1 - total messages: 23
[2024-07-01 23:04:32.480790] 21:candidate:21:-1
[2024-07-01 23:04:32.824460] 5:elected:29:1 - total messages: 25
[2024-07-01 23:04:32.996341] 4:elected:29:1 - total messages: 26
[2024-07-01 23:04:33.073142] 29:elected:29:-1 - total messages: 27
[2024-07-01 23:04:33.197242] 21:elected:29:1 - total messages: 28
[2024-07-01 23:04:33.426466] 6:elected:29:1 - total messages: 29
[2024-07-01 23:04:33.430615] 1:elected:29:1 - total messages: 30
[2024-07-01 23:04:33.627626] finished election: 29 - total messages:30
[2024-07-01 23:04:33.709737] finished election: 29 - total messages:30
